2025-06-02T18:53:48.923Z [error] TypeError: Cannot read properties of undefined (reading 'setDeviceConnectionStatus')
    at Device.setDeviceConnectionStatus [as updateConnectionStatus] (/usr/src/app/FUXA/server/runtime/devices/index.js:440:33)
    at Device.checkStatus (/usr/src/app/FUXA/server/runtime/devices/device.js:183:18)
    at Device.start (/usr/src/app/FUXA/server/runtime/devices/device.js:116:18)
    at Object.updateDevice (/usr/src/app/FUXA/server/runtime/devices/index.js:82:38)
    at /usr/src/app/FUXA/server/runtime/index.js:408:25
    at Promise._execute (/usr/src/app/FUXA/server/node_modules/bluebird/js/release/debuggability.js:384:9)
    at Promise._resolveFromExecutor (/usr/src/app/FUXA/server/node_modules/bluebird/js/release/promise.js:518:18)
    at new Promise (/usr/src/app/FUXA/server/node_modules/bluebird/js/release/promise.js:103:10)
    at Object.update (/usr/src/app/FUXA/server/runtime/index.js:405:12)
    at /usr/src/app/FUXA/server/api/projects/index.js:99:29
2025-06-02T18:53:52.430Z [error] 'Pump1' _readMemory error! [object Object]
2025-06-02T18:53:53.433Z [error] 'Pump1' _readMemory error! [object Object]
2025-06-02T18:53:54.936Z [error] 'Pump1' _readMemory error! [object Object]
2025-06-02T18:53:56.438Z [error] 'Pump1' _readMemory error! [object Object]
2025-06-02T18:53:57.943Z [error] 'Pump1' _readMemory error! [object Object]
2025-06-02T18:53:59.444Z [error] 'Pump1' _readMemory error! [object Object]
2025-06-02T18:54:00.947Z [error] 'Pump1' _readMemory error! [object Object]
2025-06-02T18:54:02.449Z [error] 'Pump1' _readMemory error! [object Object]
2025-06-02T18:54:03.950Z [error] 'Pump1' _readMemory error! [object Object]
2025-06-02T18:54:05.451Z [error] 'Pump1' _readMemory error! [object Object]
2025-06-02T18:54:06.954Z [error] 'Pump1' _readMemory error! [object Object]
2025-06-02T18:54:08.455Z [error] 'Pump1' _readMemory error! [object Object]
2025-06-02T18:54:09.959Z [error] 'Pump1' _readMemory error! [object Object]
2025-06-02T18:54:11.461Z [error] 'Pump1' _readMemory error! [object Object]
2025-06-02T18:54:12.965Z [error] 'Pump1' _readMemory error! [object Object]
2025-06-02T18:54:14.467Z [error] 'Pump1' _readMemory error! [object Object]
2025-06-02T18:54:15.970Z [error] 'Pump1' _readMemory error! [object Object]
2025-06-02T18:54:17.471Z [error] 'Pump1' _readMemory error! [object Object]
2025-06-02T18:54:18.972Z [error] 'Pump1' _readMemory error! [object Object]
2025-06-02T18:54:20.472Z [error] 'Pump1' _readMemory error! [object Object]
2025-06-02T18:54:21.977Z [error] 'Pump1' _readMemory error! [object Object]
2025-06-02T18:54:23.479Z [error] 'Pump1' _readMemory error! [object Object]
2025-06-02T18:54:24.983Z [error] 'Pump1' _readMemory error! [object Object]
2025-06-02T18:54:26.485Z [error] 'Pump1' _readMemory error! [object Object]
2025-06-02T18:54:27.989Z [error] 'Pump1' _readMemory error! [object Object]
2025-06-02T18:54:29.490Z [error] 'Pump1' _readMemory error! [object Object]
2025-06-02T18:54:30.994Z [error] 'Pump1' _readMemory error! [object Object]
2025-06-02T18:54:32.495Z [error] 'Pump1' _readMemory error! [object Object]
2025-06-02T18:54:33.996Z [error] 'Pump1' _readMemory error! [object Object]
2025-06-02T18:54:35.498Z [error] 'Pump1' _readMemory error! [object Object]
2025-06-02T18:54:37.002Z [error] 'Pump1' _readMemory error! [object Object]
2025-06-02T18:54:38.504Z [error] 'Pump1' _readMemory error! [object Object]
2025-06-02T18:54:40.008Z [error] 'Pump1' _readMemory error! [object Object]
2025-06-02T18:54:41.509Z [error] 'Pump1' _readMemory error! [object Object]
2025-06-02T18:54:43.014Z [error] 'Pump1' _readMemory error! [object Object]
2025-06-02T18:54:44.515Z [error] 'Pump1' _readMemory error! [object Object]
2025-06-02T18:54:46.019Z [error] 'Pump1' _readMemory error! [object Object]
2025-06-02T18:54:47.520Z [error] 'Pump1' _readMemory error! [object Object]
2025-06-02T18:54:49.021Z [error] 'Pump1' _readMemory error! [object Object]
2025-06-02T18:54:50.522Z [error] 'Pump1' _readMemory error! [object Object]
2025-06-02T18:54:52.026Z [error] 'Pump1' _readMemory error! [object Object]
2025-06-02T18:54:53.527Z [error] 'Pump1' _readMemory error! [object Object]
2025-06-02T18:54:55.031Z [error] 'Pump1' _readMemory error! [object Object]
2025-06-02T18:54:56.531Z [error] 'Pump1' _readMemory error! [object Object]
2025-06-02T18:54:58.035Z [error] 'Pump1' _readMemory error! [object Object]
2025-06-02T18:54:59.536Z [error] 'Pump1' _readMemory error! [object Object]
2025-06-02T18:55:01.040Z [error] 'Pump1' _readMemory error! [object Object]
2025-06-02T18:55:02.542Z [error] 'Pump1' _readMemory error! [object Object]
2025-06-02T18:55:04.043Z [error] 'Pump1' _readMemory error! [object Object]
2025-06-02T18:55:05.544Z [error] 'Pump1' _readMemory error! [object Object]
2025-06-02T18:55:07.045Z [error] 'Pump1' _readMemory error! [object Object]
2025-06-02T18:55:08.545Z [error] 'Pump1' _readMemory error! [object Object]
2025-06-02T18:55:10.050Z [error] 'Pump1' _readMemory error! [object Object]
2025-06-02T18:55:11.550Z [error] 'Pump1' _readMemory error! [object Object]
2025-06-02T18:55:13.055Z [error] 'Pump1' _readMemory error! [object Object]
2025-06-02T18:55:14.556Z [error] 'Pump1' _readMemory error! [object Object]
2025-06-02T18:55:16.059Z [error] 'Pump1' _readMemory error! [object Object]
2025-06-02T18:55:17.559Z [error] 'Pump1' _readMemory error! [object Object]
2025-06-02T18:55:19.061Z [error] 'Pump1' _readMemory error! [object Object]
2025-06-02T18:55:20.561Z [error] 'Pump1' _readMemory error! [object Object]
2025-06-02T18:55:22.066Z [error] 'Pump1' _readMemory error! [object Object]
2025-06-02T18:55:23.567Z [error] 'Pump1' _readMemory error! [object Object]
2025-06-02T18:55:25.071Z [error] 'Pump1' _readMemory error! [object Object]
2025-06-02T18:55:26.571Z [error] 'Pump1' _readMemory error! [object Object]
2025-06-02T18:55:28.075Z [error] 'Pump1' _readMemory error! [object Object]
2025-06-02T18:55:29.576Z [error] 'Pump1' _readMemory error! [object Object]
2025-06-02T18:55:31.079Z [error] 'Pump1' _readMemory error! [object Object]
2025-06-02T18:55:32.580Z [error] 'Pump1' _readMemory error! [object Object]
2025-06-02T18:55:34.081Z [error] 'Pump1' _readMemory error! [object Object]
2025-06-02T18:55:35.582Z [error] 'Pump1' _readMemory error! [object Object]
2025-06-02T18:55:37.085Z [error] 'Pump1' _readMemory error! [object Object]
2025-06-02T18:55:38.585Z [error] 'Pump1' _readMemory error! [object Object]
2025-06-02T18:55:40.089Z [error] 'Pump1' _readMemory error! [object Object]
2025-06-02T18:55:41.591Z [error] 'Pump1' _readMemory error! [object Object]
2025-06-02T18:55:43.093Z [error] 'Pump1' _readMemory error! [object Object]
2025-06-02T18:55:44.595Z [error] 'Pump1' _readMemory error! [object Object]
2025-06-02T18:55:46.098Z [error] 'Pump1' _readMemory error! [object Object]
2025-06-02T18:55:47.599Z [error] 'Pump1' _readMemory error! [object Object]
2025-06-02T18:55:49.100Z [error] 'Pump1' _readMemory error! [object Object]
2025-06-02T18:55:50.600Z [error] 'Pump1' _readMemory error! [object Object]
2025-06-02T18:55:52.104Z [error] 'Pump1' _readMemory error! [object Object]
2025-06-02T18:55:53.605Z [error] 'Pump1' _readMemory error! [object Object]
2025-06-02T18:55:55.108Z [error] 'Pump1' _readMemory error! [object Object]
2025-06-02T18:55:56.607Z [error] 'Pump1' _readMemory error! [object Object]
2025-06-02T18:55:58.110Z [error] 'Pump1' _readMemory error! [object Object]
2025-06-02T18:55:59.611Z [error] 'Pump1' _readMemory error! [object Object]
2025-06-02T18:56:01.113Z [error] 'Pump1' _readMemory error! [object Object]
2025-06-02T18:56:02.615Z [error] 'Pump1' _readMemory error! [object Object]
2025-06-02T18:56:04.117Z [error] 'Pump1' _readMemory error! [object Object]
2025-06-02T18:56:05.617Z [error] 'Pump1' _readMemory error! [object Object]
2025-06-02T18:56:07.120Z [error] 'Pump1' _readMemory error! [object Object]
2025-06-02T18:56:08.622Z [error] 'Pump1' _readMemory error! [object Object]
2025-06-02T18:56:10.125Z [error] 'Pump1' _readMemory error! [object Object]
2025-06-02T18:56:11.626Z [error] 'Pump1' _readMemory error! [object Object]
2025-06-02T18:56:13.130Z [error] 'Pump1' _readMemory error! [object Object]
2025-06-02T18:56:14.631Z [error] 'Pump1' _readMemory error! [object Object]
2025-06-02T18:56:16.134Z [error] 'Pump1' _readMemory error! [object Object]
2025-06-02T18:56:17.635Z [error] 'Pump1' _readMemory error! [object Object]
2025-06-02T18:56:19.136Z [error] 'Pump1' _readMemory error! [object Object]
2025-06-02T18:56:20.637Z [error] 'Pump1' _readMemory error! [object Object]
2025-06-02T18:56:22.140Z [error] 'Pump1' _readMemory error! [object Object]
2025-06-02T18:56:23.641Z [error] 'Pump1' _readMemory error! [object Object]
2025-06-02T18:56:25.144Z [error] 'Pump1' _readMemory error! [object Object]
2025-06-02T18:56:26.644Z [error] 'Pump1' _readMemory error! [object Object]
2025-06-02T18:56:28.146Z [error] 'Pump1' _readMemory error! [object Object]
2025-06-02T18:56:29.648Z [error] 'Pump1' _readMemory error! [object Object]
2025-06-02T18:56:31.150Z [error] 'Pump1' _readMemory error! [object Object]
2025-06-02T18:56:32.650Z [error] 'Pump1' _readMemory error! [object Object]
2025-06-02T18:56:34.150Z [error] 'Pump1' _readMemory error! [object Object]
2025-06-02T18:56:35.651Z [error] 'Pump1' _readMemory error! [object Object]
2025-06-02T18:56:37.153Z [error] 'Pump1' _readMemory error! [object Object]
2025-06-02T18:56:38.654Z [error] 'Pump1' _readMemory error! [object Object]
2025-06-02T18:56:40.156Z [error] 'Pump1' _readMemory error! [object Object]
2025-06-02T18:56:41.657Z [error] 'Pump1' _readMemory error! [object Object]
2025-06-02T18:56:43.159Z [error] 'Pump1' _readMemory error! [object Object]
2025-06-02T18:56:44.662Z [error] 'Pump1' _readMemory error! [object Object]
2025-06-02T18:56:46.163Z [error] 'Pump1' _readMemory error! [object Object]
2025-06-02T18:56:47.665Z [error] 'Pump1' _readMemory error! [object Object]
2025-06-02T18:56:49.166Z [error] 'Pump1' _readMemory error! [object Object]
2025-06-02T18:56:50.665Z [error] 'Pump1' _readMemory error! [object Object]
2025-06-02T18:56:52.167Z [error] 'Pump1' _readMemory error! [object Object]
2025-06-02T18:56:53.667Z [error] 'Pump1' _readMemory error! [object Object]
2025-06-02T18:56:55.167Z [error] 'Pump1' _readMemory error! [object Object]
2025-06-02T18:56:56.668Z [error] 'Pump1' _readMemory error! [object Object]
2025-06-02T18:56:58.177Z [error] 'Pump1' _readMemory error! [object Object]
2025-06-02T18:56:59.677Z [error] 'Pump1' _readMemory error! [object Object]
2025-06-02T18:57:01.179Z [error] 'Pump1' _readMemory error! [object Object]
2025-06-02T18:57:02.679Z [error] 'Pump1' _readMemory error! [object Object]
2025-06-02T18:57:04.180Z [error] 'Pump1' _readMemory error! [object Object]
2025-06-02T18:57:05.680Z [error] 'Pump1' _readMemory error! [object Object]
2025-06-02T18:57:07.183Z [error] 'Pump1' _readMemory error! [object Object]
2025-06-02T18:57:08.684Z [error] 'Pump1' _readMemory error! [object Object]
2025-06-02T18:57:10.186Z [error] 'Pump1' _readMemory error! [object Object]
2025-06-02T18:57:11.686Z [error] 'Pump1' _readMemory error! [object Object]
2025-06-02T18:57:13.188Z [error] 'Pump1' _readMemory error! [object Object]
2025-06-02T18:57:14.692Z [error] 'Pump1' _readMemory error! [object Object]
2025-06-02T18:57:16.194Z [error] 'Pump1' _readMemory error! [object Object]
2025-06-02T18:57:17.699Z [error] 'Pump1' _readMemory error! [object Object]
2025-06-02T18:57:19.200Z [error] 'Pump1' _readMemory error! [object Object]
2025-06-02T18:57:20.705Z [error] 'Pump1' _readMemory error! [object Object]
2025-06-02T18:57:22.207Z [error] 'Pump1' _readMemory error! [object Object]
2025-06-02T18:57:23.712Z [error] 'Pump1' _readMemory error! [object Object]
2025-06-02T18:57:25.214Z [error] 'Pump1' _readMemory error! [object Object]
2025-06-02T18:57:26.719Z [error] 'Pump1' _readMemory error! [object Object]
2025-06-02T18:57:28.221Z [error] 'Pump1' _readMemory error! [object Object]
2025-06-02T18:57:29.726Z [error] 'Pump1' _readMemory error! [object Object]
2025-06-02T18:57:31.228Z [error] 'Pump1' _readMemory error! [object Object]
2025-06-02T18:57:32.730Z [error] 'Pump1' _readMemory error! [object Object]
2025-06-02T18:57:34.231Z [error] 'Pump1' _readMemory error! [object Object]
2025-06-02T18:57:35.736Z [error] 'Pump1' _readMemory error! [object Object]
2025-06-02T18:57:37.238Z [error] 'Pump1' _readMemory error! [object Object]
2025-06-02T18:57:38.743Z [error] 'Pump1' _readMemory error! [object Object]
2025-06-02T18:57:40.245Z [error] 'Pump1' _readMemory error! [object Object]
2025-06-02T18:57:41.750Z [error] 'Pump1' _readMemory error! [object Object]
2025-06-02T18:57:43.253Z [error] 'Pump1' _readMemory error! [object Object]
2025-06-02T18:57:44.756Z [error] 'Pump1' _readMemory error! [object Object]
2025-06-02T18:57:46.258Z [error] 'Pump1' _readMemory error! [object Object]
2025-06-02T18:57:47.763Z [error] 'Pump1' _readMemory error! [object Object]
2025-06-02T18:57:49.265Z [error] 'Pump1' _readMemory error! [object Object]
2025-06-02T18:57:50.770Z [error] 'Pump1' _readMemory error! [object Object]
2025-06-02T18:57:52.273Z [error] 'Pump1' _readMemory error! [object Object]
2025-06-02T18:57:53.773Z [error] 'Pump1' _readMemory error! [object Object]
2025-06-02T18:57:55.275Z [error] 'Pump1' _readMemory error! [object Object]
2025-06-02T18:57:56.778Z [error] 'Pump1' _readMemory error! [object Object]
2025-06-02T18:57:58.282Z [error] 'Pump1' _readMemory error! [object Object]
2025-06-02T18:57:59.787Z [error] 'Pump1' _readMemory error! [object Object]
2025-06-02T18:58:01.289Z [error] 'Pump1' _readMemory error! [object Object]
2025-06-02T18:58:02.792Z [error] 'Pump1' _readMemory error! [object Object]
2025-06-02T18:58:04.294Z [error] 'Pump1' _readMemory error! [object Object]
2025-06-02T18:58:05.798Z [error] 'Pump1' _readMemory error! [object Object]
2025-06-02T18:58:07.300Z [error] 'Pump1' _readMemory error! [object Object]
2025-06-02T18:58:08.806Z [error] 'Pump1' _readMemory error! [object Object]
2025-06-02T18:58:10.308Z [error] 'Pump1' _readMemory error! [object Object]
2025-06-02T18:58:11.812Z [error] 'Pump1' _readMemory error! [object Object]
2025-06-02T18:58:13.315Z [error] 'Pump1' _readMemory error! [object Object]
2025-06-02T18:58:14.819Z [error] 'Pump1' _readMemory error! [object Object]
2025-06-02T18:58:16.322Z [error] 'Pump1' _readMemory error! [object Object]
2025-06-02T18:58:17.826Z [error] 'Pump1' _readMemory error! [object Object]
2025-06-02T18:58:19.329Z [error] 'Pump1' _readMemory error! [object Object]
2025-06-02T18:58:20.835Z [error] 'Pump1' _readMemory error! [object Object]
2025-06-02T18:58:22.337Z [error] 'Pump1' _readMemory error! [object Object]
2025-06-02T18:58:23.838Z [error] 'Pump1' _readMemory error! [object Object]
2025-06-02T18:58:25.339Z [error] 'Pump1' _readMemory error! [object Object]
2025-06-02T18:58:26.844Z [error] 'Pump1' _readMemory error! [object Object]
2025-06-02T18:58:28.345Z [error] 'Pump1' _readMemory error! [object Object]
2025-06-02T18:58:29.851Z [error] 'Pump1' _readMemory error! [object Object]
2025-06-02T18:58:31.352Z [error] 'Pump1' _readMemory error! [object Object]
2025-06-02T18:58:32.855Z [error] 'Pump1' _readMemory error! [object Object]
2025-06-02T18:58:34.358Z [error] 'Pump1' _readMemory error! [object Object]
2025-06-02T18:58:35.862Z [error] 'Pump1' _readMemory error! [object Object]
2025-06-02T18:58:37.365Z [error] 'Pump1' _readMemory error! [object Object]
2025-06-02T18:58:38.871Z [error] 'Pump1' _readMemory error! [object Object]
2025-06-02T18:58:40.374Z [error] 'Pump1' _readMemory error! [object Object]
2025-06-02T18:58:41.880Z [error] 'Pump1' _readMemory error! [object Object]
2025-06-02T18:58:43.382Z [error] 'Pump1' _readMemory error! [object Object]
2025-06-02T18:58:44.887Z [error] 'Pump1' _readMemory error! [object Object]
2025-06-02T18:58:46.388Z [error] 'Pump1' _readMemory error! [object Object]
2025-06-02T18:58:47.893Z [error] 'Pump1' _readMemory error! [object Object]
2025-06-02T18:58:49.397Z [error] 'Pump1' _readMemory error! [object Object]
2025-06-02T18:58:50.902Z [error] 'Pump1' _readMemory error! [object Object]
2025-06-02T18:58:52.403Z [error] 'Pump1' _readMemory error! [object Object]
2025-06-02T18:58:53.903Z [error] 'Pump1' _readMemory error! [object Object]
2025-06-02T18:58:55.405Z [error] 'Pump1' _readMemory error! [object Object]
2025-06-02T18:58:56.910Z [error] 'Pump1' _readMemory error! [object Object]
2025-06-02T18:58:58.410Z [error] 'Pump1' _readMemory error! [object Object]
2025-06-02T18:58:59.915Z [error] 'Pump1' _readMemory error! [object Object]
2025-06-02T18:59:01.419Z [error] 'Pump1' _readMemory error! [object Object]
2025-06-02T18:59:02.923Z [error] 'Pump1' _readMemory error! [object Object]
2025-06-02T18:59:04.425Z [error] 'Pump1' _readMemory error! [object Object]
2025-06-02T18:59:05.930Z [error] 'Pump1' _readMemory error! [object Object]
2025-06-02T18:59:07.430Z [error] 'Pump1' _readMemory error! [object Object]
2025-06-02T18:59:08.931Z [error] 'Pump1' _readMemory error! [object Object]
2025-06-02T18:59:10.434Z [error] 'Pump1' _readMemory error! [object Object]
2025-06-02T18:59:11.935Z [error] 'Pump1' _readMemory error! [object Object]
2025-06-02T18:59:13.439Z [error] 'Pump1' _readMemory error! [object Object]
2025-06-02T18:59:14.943Z [error] 'Pump1' _readMemory error! [object Object]
2025-06-02T18:59:16.446Z [error] 'Pump1' _readMemory error! [object Object]
2025-06-02T18:59:17.949Z [error] 'Pump1' _readMemory error! [object Object]
2025-06-02T18:59:19.452Z [error] 'Pump1' _readMemory error! [object Object]
2025-06-02T18:59:20.957Z [error] 'Pump1' _readMemory error! [object Object]
2025-06-02T18:59:22.458Z [error] 'Pump1' _readMemory error! [object Object]
2025-06-02T18:59:23.958Z [error] 'Pump1' _readMemory error! [object Object]
2025-06-02T18:59:25.461Z [error] 'Pump1' _readMemory error! [object Object]
2025-06-02T18:59:26.966Z [error] 'Pump1' _readMemory error! [object Object]
2025-06-02T18:59:28.469Z [error] 'Pump1' _readMemory error! [object Object]
2025-06-02T18:59:29.973Z [error] 'Pump1' _readMemory error! [object Object]
2025-06-02T18:59:31.476Z [error] 'Pump1' _readMemory error! [object Object]
2025-06-02T18:59:32.979Z [error] 'Pump1' _readMemory error! [object Object]
2025-06-02T18:59:34.481Z [error] 'Pump1' _readMemory error! [object Object]
2025-06-02T18:59:35.986Z [error] 'Pump1' _readMemory error! [object Object]
2025-06-02T18:59:37.488Z [error] 'Pump1' _readMemory error! [object Object]
2025-06-02T18:59:38.989Z [error] 'Pump1' _readMemory error! [object Object]
2025-06-02T18:59:40.491Z [error] 'Pump1' _readMemory error! [object Object]
2025-06-02T18:59:41.996Z [error] 'Pump1' _readMemory error! [object Object]
2025-06-02T18:59:43.498Z [error] 'Pump1' _readMemory error! [object Object]
2025-06-02T18:59:45.003Z [error] 'Pump1' _readMemory error! [object Object]
2025-06-02T18:59:46.505Z [error] 'Pump1' _readMemory error! [object Object]
2025-06-02T18:59:48.009Z [error] 'Pump1' _readMemory error! [object Object]
2025-06-02T18:59:49.511Z [error] 'Pump1' _readMemory error! [object Object]
2025-06-02T18:59:51.016Z [error] 'Pump1' _readMemory error! [object Object]
2025-06-02T18:59:52.516Z [error] 'Pump1' _readMemory error! [object Object]
2025-06-02T18:59:54.017Z [error] 'Pump1' _readMemory error! [object Object]
2025-06-02T18:59:55.519Z [error] 'Pump1' _readMemory error! [object Object]
2025-06-02T18:59:57.023Z [error] 'Pump1' _readMemory error! [object Object]
2025-06-02T18:59:58.524Z [error] 'Pump1' _readMemory error! [object Object]
2025-06-02T19:01:44.356Z [error] runtime.failed-to-start-devices: TypeError: Cannot read properties of undefined (reading 'setDeviceConnectionStatus')
2025-06-02T19:01:44.358Z [error] server.failed-to-start
2025-06-02T19:01:47.867Z [error] 'Pump1' _readMemory error! [object Object]
2025-06-02T19:01:48.867Z [error] 'Pump1' _readMemory error! [object Object]
2025-06-02T19:01:50.372Z [error] 'Pump1' _readMemory error! [object Object]
2025-06-02T19:01:51.876Z [error] 'Pump1' _readMemory error! [object Object]
2025-06-02T19:01:53.377Z [error] 'Pump1' _readMemory error! [object Object]
2025-06-02T19:01:54.879Z [error] 'Pump1' _readMemory error! [object Object]
2025-06-02T19:01:56.385Z [error] 'Pump1' _readMemory error! [object Object]
2025-06-02T19:01:57.887Z [error] 'Pump1' _readMemory error! [object Object]
2025-06-02T19:01:59.386Z [error] 'Pump1' _readMemory error! [object Object]
2025-06-02T19:02:00.889Z [error] 'Pump1' _readMemory error! [object Object]
2025-06-02T19:02:02.394Z [error] 'Pump1' _readMemory error! [object Object]
2025-06-02T19:02:03.895Z [error] 'Pump1' _readMemory error! [object Object]
2025-06-02T19:02:05.400Z [error] 'Pump1' _readMemory error! [object Object]
2025-06-02T19:02:06.902Z [error] 'Pump1' _readMemory error! [object Object]
2025-06-02T19:02:08.405Z [error] 'Pump1' _readMemory error! [object Object]
2025-06-02T19:02:09.909Z [error] 'Pump1' _readMemory error! [object Object]
2025-06-02T19:02:11.412Z [error] 'Pump1' _readMemory error! [object Object]
2025-06-02T19:02:12.917Z [error] 'Pump1' _readMemory error! [object Object]
2025-06-02T19:02:14.416Z [error] 'Pump1' _readMemory error! [object Object]
2025-06-02T19:02:15.918Z [error] 'Pump1' _readMemory error! [object Object]
2025-06-02T19:02:17.423Z [error] 'Pump1' _readMemory error! [object Object]
2025-06-02T19:02:18.925Z [error] 'Pump1' _readMemory error! [object Object]
2025-06-02T19:02:20.430Z [error] 'Pump1' _readMemory error! [object Object]
2025-06-02T19:02:21.932Z [error] 'Pump1' _readMemory error! [object Object]
2025-06-02T19:02:23.433Z [error] 'Pump1' _readMemory error! [object Object]
2025-06-02T19:02:24.936Z [error] 'Pump1' _readMemory error! [object Object]
2025-06-02T19:02:26.440Z [error] 'Pump1' _readMemory error! [object Object]
2025-06-02T19:02:27.943Z [error] 'Pump1' _readMemory error! [object Object]
2025-06-02T19:02:29.443Z [error] 'Pump1' _readMemory error! [object Object]
2025-06-02T19:02:30.947Z [error] 'Pump1' _readMemory error! [object Object]
2025-06-02T19:02:32.450Z [error] 'Pump1' _readMemory error! [object Object]
2025-06-02T19:02:33.952Z [error] 'Pump1' _readMemory error! [object Object]
2025-06-02T19:02:35.457Z [error] 'Pump1' _readMemory error! [object Object]
2025-06-02T19:02:36.958Z [error] 'Pump1' _readMemory error! [object Object]
2025-06-02T19:02:38.464Z [error] 'Pump1' _readMemory error! [object Object]
2025-06-02T19:02:39.967Z [error] 'Pump1' _readMemory error! [object Object]
2025-06-02T19:02:41.472Z [error] 'Pump1' _readMemory error! [object Object]
2025-06-02T19:02:42.974Z [error] 'Pump1' _readMemory error! [object Object]
2025-06-02T19:02:44.475Z [error] 'Pump1' _readMemory error! [object Object]
2025-06-02T19:02:45.977Z [error] 'Pump1' _readMemory error! [object Object]
2025-06-02T19:02:47.481Z [error] 'Pump1' _readMemory error! [object Object]
2025-06-02T19:02:48.985Z [error] 'Pump1' _readMemory error! [object Object]
2025-06-02T19:02:50.488Z [error] 'Pump1' _readMemory error! [object Object]
2025-06-02T19:02:51.991Z [error] 'Pump1' _readMemory error! [object Object]
2025-06-02T19:02:53.496Z [error] 'Pump1' _readMemory error! [object Object]
2025-06-02T19:02:54.999Z [error] 'Pump1' _readMemory error! [object Object]
2025-06-02T19:02:56.503Z [error] 'Pump1' _readMemory error! [object Object]
2025-06-02T19:02:58.006Z [error] 'Pump1' _readMemory error! [object Object]
2025-06-02T19:02:59.507Z [error] 'Pump1' _readMemory error! [object Object]
2025-06-02T19:03:01.009Z [error] 'Pump1' _readMemory error! [object Object]
2025-06-02T19:03:02.514Z [error] 'Pump1' _readMemory error! [object Object]
2025-06-02T19:03:04.017Z [error] 'Pump1' _readMemory error! [object Object]
2025-06-02T19:03:05.522Z [error] 'Pump1' _readMemory error! [object Object]
2025-06-02T19:03:07.025Z [error] 'Pump1' _readMemory error! [object Object]
2025-06-02T19:03:08.529Z [error] 'Pump1' _readMemory error! [object Object]
2025-06-02T19:03:10.031Z [error] 'Pump1' _readMemory error! [object Object]
2025-06-02T19:03:11.536Z [error] 'Pump1' _readMemory error! [object Object]
2025-06-02T19:03:13.037Z [error] 'Pump1' _readMemory error! [object Object]
2025-06-02T19:03:14.538Z [error] 'Pump1' _readMemory error! [object Object]
2025-06-02T19:03:16.042Z [error] 'Pump1' _readMemory error! [object Object]
2025-06-02T19:03:17.548Z [error] 'Pump1' _readMemory error! [object Object]
2025-06-02T19:03:19.049Z [error] 'Pump1' _readMemory error! [object Object]
2025-06-02T19:03:20.555Z [error] 'Pump1' _readMemory error! [object Object]
2025-06-02T19:03:22.058Z [error] 'Pump1' _readMemory error! [object Object]
2025-06-02T19:03:23.561Z [error] 'Pump1' _readMemory error! [object Object]
2025-06-02T19:03:25.065Z [error] 'Pump1' _readMemory error! [object Object]
2025-06-02T19:03:26.567Z [error] 'Pump1' _readMemory error! [object Object]
2025-06-02T19:03:28.070Z [error] 'Pump1' _readMemory error! [object Object]
2025-06-02T19:03:29.570Z [error] 'Pump1' _readMemory error! [object Object]
2025-06-02T19:03:31.072Z [error] 'Pump1' _readMemory error! [object Object]
2025-06-02T19:03:32.577Z [error] 'Pump1' _readMemory error! [object Object]
2025-06-02T19:03:34.080Z [error] 'Pump1' _readMemory error! [object Object]
2025-06-02T19:03:35.584Z [error] 'Pump1' _readMemory error! [object Object]
2025-06-02T19:03:37.088Z [error] 'Pump1' _readMemory error! [object Object]
2025-06-02T19:03:58.461Z [error] runtime.failed-to-start-devices: TypeError: Cannot read properties of undefined (reading 'setDeviceConnectionStatus')
2025-06-02T19:03:58.462Z [error] server.failed-to-start
2025-06-02T19:04:01.971Z [error] 'Pump1' _readMemory error! [object Object]
2025-06-02T19:04:02.972Z [error] 'Pump1' _readMemory error! [object Object]
2025-06-02T19:04:04.477Z [error] 'Pump1' _readMemory error! [object Object]
2025-06-02T19:04:05.981Z [error] 'Pump1' _readMemory error! [object Object]
2025-06-02T19:04:07.483Z [error] 'Pump1' _readMemory error! [object Object]
2025-06-02T19:04:08.985Z [error] 'Pump1' _readMemory error! [object Object]
2025-06-02T19:04:10.491Z [error] 'Pump1' _readMemory error! [object Object]
2025-06-02T19:04:11.993Z [error] 'Pump1' _readMemory error! [object Object]
2025-06-02T19:04:13.493Z [error] 'Pump1' _readMemory error! [object Object]
2025-06-02T19:04:14.996Z [error] 'Pump1' _readMemory error! [object Object]
2025-06-02T19:04:16.502Z [error] 'Pump1' _readMemory error! [object Object]
2025-06-02T19:04:18.004Z [error] 'Pump1' _readMemory error! [object Object]
2025-06-02T19:04:36.263Z [error] runtime.failed-to-start-devices: TypeError: Cannot read properties of undefined (reading 'setDeviceConnectionStatus')
2025-06-02T19:04:36.265Z [error] server.failed-to-start
2025-06-02T19:04:39.771Z [error] 'Pump1' _readMemory error! [object Object]
2025-06-02T19:04:40.774Z [error] 'Pump1' _readMemory error! [object Object]
2025-06-02T19:04:42.278Z [error] 'Pump1' _readMemory error! [object Object]
2025-06-02T19:04:43.779Z [error] 'Pump1' _readMemory error! [object Object]
2025-06-02T19:04:45.283Z [error] 'Pump1' _readMemory error! [object Object]
2025-06-02T19:04:46.785Z [error] 'Pump1' _readMemory error! [object Object]
2025-06-02T19:04:48.289Z [error] 'Pump1' _readMemory error! [object Object]
2025-06-02T19:04:49.793Z [error] 'Pump1' _readMemory error! [object Object]
2025-06-02T19:04:51.294Z [error] 'Pump1' _readMemory error! [object Object]
2025-06-02T19:04:52.795Z [error] 'Pump1' _readMemory error! [object Object]
2025-06-02T19:04:54.300Z [error] 'Pump1' _readMemory error! [object Object]
2025-06-02T19:04:55.799Z [error] 'Pump1' _readMemory error! [object Object]
2025-06-02T19:04:57.304Z [error] 'Pump1' _readMemory error! [object Object]
2025-06-02T19:04:58.808Z [error] 'Pump1' _readMemory error! [object Object]
2025-06-02T19:05:00.311Z [error] 'Pump1' _readMemory error! [object Object]
2025-06-02T19:05:01.814Z [error] 'Pump1' _readMemory error! [object Object]
2025-06-02T19:05:03.319Z [error] 'Pump1' _readMemory error! [object Object]
2025-06-02T19:05:04.821Z [error] 'Pump1' _readMemory error! [object Object]
2025-06-02T19:05:06.321Z [error] 'Pump1' _readMemory error! [object Object]
2025-06-02T19:05:07.825Z [error] 'Pump1' _readMemory error! [object Object]
2025-06-02T19:05:09.329Z [error] 'Pump1' _readMemory error! [object Object]
2025-06-02T19:05:10.831Z [error] 'Pump1' _readMemory error! [object Object]
2025-06-02T19:05:12.335Z [error] 'Pump1' _readMemory error! [object Object]
2025-06-02T19:05:13.838Z [error] 'Pump1' _readMemory error! [object Object]
